[03:36:59] [ServerMain/INFO]: [bootstrap] Running Java 21 (OpenJDK 64-Bit Server VM 21.0.7+6-Ubuntu-0ubuntu124.04; Ubuntu null) on Linux 6.8.0-1030-azure (amd64)
[03:36:59] [ServerMain/INFO]: [bootstrap] Loading Paper 1.21.8-6-main@782ce95 (2025-07-18T20:26:58Z) for Minecraft 1.21.8
[03:36:59] [ServerMain/INFO]: [PluginInitializerManager] Initializing plugins...
[03:37:00] [ServerMain/INFO]: [PluginInitializerManager] Initialized 2 plugins
[03:37:00] [ServerMain/INFO]: [PluginInitializerManager] Bukkit plugins (2):
 - SimpleTpa (7.8), SkinsRestorer (15.7.8)
[03:37:06] [ServerMain/INFO]: Environment: Environment[sessionHost=https://sessionserver.mojang.com, servicesHost=https://api.minecraftservices.com, name=PROD]
[03:37:09] [ServerMain/INFO]: Loaded 1407 recipes
[03:37:09] [ServerMain/INFO]: Loaded 1520 advancements
[03:37:09] [ServerMain/INFO]: [ca.spottedleaf.dataconverter.minecraft.datatypes.MCTypeRegistry] Initialising converters for DataConverter...
[03:37:09] [ServerMain/INFO]: [ca.spottedleaf.dataconverter.minecraft.datatypes.MCTypeRegistry] Finished initialising converters for DataConverter in 435.6ms
[03:37:09] [Server thread/INFO]: Starting minecraft server version 1.21.8
[03:37:09] [Server thread/INFO]: Loading properties
[03:37:09] [Server thread/INFO]: This server is running Paper version 1.21.8-6-main@782ce95 (2025-07-18T20:26:58Z) (Implementing API version 1.21.8-R0.1-SNAPSHOT)
[03:37:09] [Server thread/INFO]: [spark] This server bundles the spark profiler. For more information please visit https://docs.papermc.io/paper/profiling
[03:37:09] [Server thread/INFO]: Server Ping Player Sample Count: 12
[03:37:09] [Server thread/INFO]: Using 4 threads for Netty based IO
[03:37:10] [Server thread/INFO]: [MoonriseCommon] Paper is using 1 worker threads, 1 I/O threads
[03:37:10] [Server thread/INFO]: [ChunkTaskScheduler] Chunk system is using population gen parallelism: true
[03:37:10] [Server thread/INFO]: Default game type: SURVIVAL
[03:37:10] [Server thread/INFO]: Generating keypair
[03:37:10] [Server thread/INFO]: Starting Minecraft server on *:25565
[03:37:11] [Server thread/INFO]: Using epoll channel type
[03:37:11] [Server thread/INFO]: Paper: Using libdeflate (Linux x86_64) compression from Velocity.
[03:37:11] [Server thread/INFO]: Paper: Using OpenSSL 3.x.x (Linux x86_64) cipher from Velocity.
[03:37:11] [Server thread/INFO]: [SimpleTpa] Loading server plugin SimpleTpa v7.8
[03:37:11] [Server thread/INFO]: [SkinsRestorer] Loading server plugin SkinsRestorer v15.7.8
[03:37:11] [Server thread/INFO]: Server permissions file permissions.yml is empty, ignoring it
[03:37:11] [Server thread/INFO]: [SkinsRestorer] Enabling SkinsRestorer v15.7.8
[03:37:12] [Server thread/INFO]: [SkinsRestorer] Running on Minecraft 1.21.8.
[03:37:12] [Server thread/INFO]: [SkinsRestorer] Using paper join listener!
[03:37:12] [Server thread/WARN]: **** SERVER IS RUNNING IN OFFLINE/INSECURE MODE!
[03:37:12] [Server thread/WARN]: The server will make no attempt to authenticate usernames. Beware.
[03:37:12] [Server thread/WARN]: While this makes the game possible to play without internet access, it also opens up the ability for hackers to connect with any username they choose.
[03:37:12] [Server thread/WARN]: To change this, set "online-mode" to "true" in the server.properties file.
[03:37:12] [Server thread/INFO]: Preparing level "world"
[03:37:13] [Folia Async Scheduler Thread #1/INFO]: [SkinsRestorer] ----------------------------------------------
[03:37:13] [Folia Async Scheduler Thread #1/INFO]: [SkinsRestorer]     +==================+
[03:37:13] [Folia Async Scheduler Thread #1/INFO]: [SkinsRestorer]     |   SkinsRestorer  |
[03:37:13] [Folia Async Scheduler Thread #1/INFO]: [SkinsRestorer]     |------------------|
[03:37:13] [Folia Async Scheduler Thread #1/INFO]: [SkinsRestorer]     |  Standalone Mode |
[03:37:13] [Folia Async Scheduler Thread #1/INFO]: [SkinsRestorer]     +==================+
[03:37:13] [Folia Async Scheduler Thread #1/INFO]: [SkinsRestorer] ----------------------------------------------
[03:37:13] [Folia Async Scheduler Thread #1/INFO]: [SkinsRestorer]     Version: 15.7.8
[03:37:13] [Folia Async Scheduler Thread #1/INFO]: [SkinsRestorer]     Commit: 8c78340
[03:37:13] [Folia Async Scheduler Thread #1/INFO]: [SkinsRestorer]     This is the latest version!
[03:37:13] [Folia Async Scheduler Thread #1/INFO]: [SkinsRestorer] ----------------------------------------------
[03:37:13] [Folia Async Scheduler Thread #1/INFO]: [SkinsRestorer] Do you have issues? Read our troubleshooting guide: https://skinsrestorer.net/docs/troubleshooting
[03:37:13] [Folia Async Scheduler Thread #1/INFO]: [SkinsRestorer] Want to support SkinsRestorer? Consider donating: https://skinsrestorer.net/donate
[03:37:13] [Server thread/INFO]: Preparing start region for dimension minecraft:overworld
[03:37:13] [Server thread/INFO]: Preparing spawn area: 0%
[03:37:14] [Server thread/INFO]: Preparing spawn area: 8%
[03:37:14] [Server thread/INFO]: Preparing spawn area: 10%
[03:37:14] [Server thread/INFO]: Time elapsed: 1252 ms
[03:37:14] [Server thread/INFO]: Preparing start region for dimension minecraft:the_nether
[03:37:14] [Server thread/INFO]: Preparing spawn area: 0%
[03:37:15] [Server thread/INFO]: Preparing spawn area: 36%
[03:37:15] [Server thread/INFO]: Preparing spawn area: 77%
[03:37:15] [Server thread/INFO]: Time elapsed: 1176 ms
[03:37:15] [Server thread/INFO]: Preparing start region for dimension minecraft:the_end
[03:37:15] [Server thread/INFO]: Preparing spawn area: 0%
[03:37:16] [Server thread/INFO]: Time elapsed: 180 ms
[03:37:16] [Server thread/INFO]: [SimpleTpa] Enabling SimpleTpa v7.8
[03:37:16] [Server thread/INFO]: [SimpleTpa] If you need support contact me at https://discord.gg/SZUkza9
[03:37:16] [Server thread/INFO]: [SimpleTpa] Simple Tpa has been enabled on version 7.8
[03:37:16] [Server thread/INFO]: Enabled metrics. You may opt-out by changing plugins/bStats/config.yml
[03:37:16] [Server thread/INFO]: [spark] Starting background profiler...
[03:37:17] [Server thread/INFO]: Done preparing level "world" (4.224s)
[03:37:17] [Server thread/INFO]: Running delayed init tasks
[03:37:17] [Server thread/INFO]: Done (19.342s)! For help, type "help"
[03:37:17] [Craft Scheduler Thread - 3 - SimpleTpa/INFO]: [SimpleTpa] There is a new update available.
[03:37:17] [Craft Scheduler Thread - 3 - SimpleTpa/INFO]: [SimpleTpa] There is a new update available:
[03:37:17] [Craft Scheduler Thread - 3 - SimpleTpa/INFO]: [SimpleTpa] https://www.spigotmc.org/resources/simple-tpa.64270/
[03:37:25] [User Authenticator #0/INFO]: UUID of player Johaanw is 42f47e0a-8535-351e-974a-c497de851e22
[03:37:25] [Server thread/INFO]: [HorriblePlayerLoginEventHack] You have plugins listening to the PlayerLoginEvent, this will cause re-configuration APIs to be unavailable: [SkinsRestorer]
[03:37:27] [Server thread/INFO]: Johaanw joined the game
[03:37:27] [Server thread/INFO]: Johaanw[/127.180.57.64:37119] logged in with entity id 14 at ([world]-365.5937472118552, 108.0, -295.2755993429916)
[03:38:16] [Server thread/INFO]: Johaanw lost connection: Disconnected
[03:38:16] [Server thread/INFO]: Johaanw left the game
[03:39:16] [Server thread/INFO]: Server empty for 60 seconds, pausing
[03:39:43] [User Authenticator #1/INFO]: UUID of player Johaanw is 42f47e0a-8535-351e-974a-c497de851e22
[03:39:43] [Server thread/INFO]: Johaanw joined the game
[03:39:43] [Server thread/INFO]: Johaanw[/127.180.57.64:46211] logged in with entity id 257 at ([world]-365.26873163114305, 108.0, -295.1094600243711)
[03:40:36] [User Authenticator #1/INFO]: UUID of player XJeampier is 076b2a99-8909-3132-af0c-67e9e041ac5e
[03:40:38] [Server thread/INFO]: XJeampier joined the game
[03:40:38] [Server thread/INFO]: XJeampier[/127.32.136.207:57545] logged in with entity id 582 at ([world_nether]730.2633530246852, 35.0, 695.2688885573087)
[03:42:24] [User Authenticator #2/INFO]: UUID of player RZJULIAN is de5eb56f-0e9c-3ba2-9017-e01359cb3e2f
[03:42:25] [Server thread/INFO]: RZJULIAN joined the game
[03:42:25] [Server thread/INFO]: RZJULIAN[/127.221.84.245:34737] logged in with entity id 1342 at ([world]184.7979914793518, 83.9375, 357.69485320346234)
[03:42:35] [Server thread/INFO]: XJeampier lost connection: Disconnected
[03:42:35] [Server thread/INFO]: XJeampier left the game
[03:42:56] [Server thread/INFO]: Johaanw issued server command: /tp XJeampier
[03:43:00] [Server thread/INFO]: Johaanw issued server command: /tp XJeampier Johaanw
[03:43:12] [Server thread/INFO]: Johaanw issued server command: /tp XJeampier Johaanw
[03:43:31] [Server thread/INFO]: Johaanw issued server command: /tp XJeampier Johaanw
[03:43:38] [User Authenticator #3/INFO]: UUID of player XJeampier is 076b2a99-8909-3132-af0c-67e9e041ac5e
[03:43:39] [Server thread/INFO]: Johaanw issued server command: /tp XJeampier Johaanw
[03:43:39] [Server thread/INFO]: XJeampier joined the game
[03:43:39] [Server thread/INFO]: XJeampier[/127.32.136.207:49447] logged in with entity id 1928 at ([world_nether]748.025761941064, 28.0, 707.6968741945193)
[03:43:40] [Server thread/INFO]: Johaanw issued server command: /tp XJeampier Johaanw
[03:43:40] [Server thread/INFO]: [Johaanw: Teleported XJeampier to Johaanw]
[03:49:35] [Async Chat Thread - #0/INFO]: [Not Secure] <RZJULIAN> 1748 ~ -124
[03:50:44] [Async Chat Thread - #1/INFO]: [Not Secure] <Johaanw> 1748 -124
[03:53:17] [Async Chat Thread - #3/INFO]: [Not Secure] <Johaanw> 1748 -124
[04:00:12] [Server thread/INFO]: Johaanw issued server command: /tp XJeampier
[04:00:12] [Server thread/INFO]: [Johaanw: Teleported Johaanw to XJeampier]
[04:00:35] [Server thread/INFO]: Johaanw issued server command: /tpa RZJULIAN
[04:00:37] [Server thread/INFO]: RZJULIAN issued server command: /tpaccept
[04:00:42] [Server thread/INFO]: XJeampier issued server command: /tpa Johaanw
[04:00:53] [Server thread/INFO]: XJeampier issued server command: /tpa Johaanw
[04:00:58] [Server thread/INFO]: Johaanw issued server command: /tp XJeampier Johaanw
[04:00:58] [Server thread/INFO]: [Johaanw: Teleported XJeampier to Johaanw]
[04:03:03] [Server thread/INFO]: Johaanw issued server command: /locate structure minecraft:stronghold
[04:03:04] [Server thread/INFO]: Locating element minecraft:stronghold took 14 ms
[04:05:27] [Server thread/WARN]: RZJULIAN moved wrongly!
[04:06:23] [User Authenticator #4/INFO]: UUID of player AimecitaPrOMG is 82c3267f-e821-36d6-8687-05dc0494f7b3
[04:06:24] [Server thread/INFO]: AimecitaPrOMG joined the game
[04:06:24] [Server thread/INFO]: AimecitaPrOMG[/127.184.113.71:58961] logged in with entity id 13624 at ([world]210.87486586588187, 81.0, 351.7469982506535)
[04:09:12] [Server thread/INFO]: AimecitaPrOMG issued server command: /tpa RZJULIAN
[04:09:22] [Server thread/INFO]: RZJULIAN issued server command: /tpaccept
[04:09:43] [Server thread/INFO]: Johaanw issued server command: /gamemode spectator
[04:09:43] [Server thread/INFO]: [Johaanw: Set own game mode to Spectator Mode]
[04:09:57] [Server thread/INFO]: Johaanw issued server command: /gamemode survival
[04:09:57] [Server thread/INFO]: [Johaanw: Set own game mode to Survival Mode]
[04:10:54] [Server thread/INFO]: Johaanw issued server command: /gamemode spectator
[04:10:54] [Server thread/INFO]: [Johaanw: Set own game mode to Spectator Mode]
[04:10:59] [Server thread/INFO]: Johaanw issued server command: /locate structure minecraft:stronghold
[04:10:59] [Server thread/INFO]: Locating element minecraft:stronghold took 0 ms
[04:11:01] [Server thread/INFO]: Johaanw issued server command: /tp @s 1744 ~ -128
[04:11:01] [Server thread/INFO]: [Johaanw: Teleported Johaanw to 1744.500000, -43.000000, -127.500000]
[04:11:14] [Server thread/INFO]: Johaanw has made the advancement [Eye Spy]
[04:11:26] [Server thread/INFO]: Johaanw issued server command: /gamemode spectator
[04:11:33] [Server thread/INFO]: Johaanw issued server command: /gamemode survival
[04:11:33] [Server thread/INFO]: [Johaanw: Set own game mode to Survival Mode]
[04:11:35] [Server thread/INFO]: RZJULIAN issued server command: /tpa
[04:11:43] [Server thread/INFO]: AimecitaPrOMG issued server command: /tpa Johaanw
[04:11:44] [Server thread/INFO]: Johaanw issued server command: /gamemode survival
[04:11:47] [Server thread/INFO]: Johaanw issued server command: /gamemode spectator
[04:11:47] [Server thread/INFO]: [Johaanw: Set own game mode to Spectator Mode]
[04:11:56] [Server thread/INFO]: XJeampier issued server command: /tpa Johaanw
[04:11:58] [Server thread/INFO]: RZJULIAN issued server command: /tpa XJeampier
[04:12:00] [Server thread/INFO]: Johaanw issued server command: /gamemode survival
[04:12:00] [Server thread/INFO]: [Johaanw: Set own game mode to Survival Mode]
[04:12:01] [Server thread/INFO]: Johaanw issued server command: /tpaccept
[04:12:06] [Server thread/INFO]: Johaanw issued server command: /tp XJeampier Johaanw
[04:12:06] [Server thread/INFO]: [Johaanw: Teleported XJeampier to Johaanw]
[04:12:06] [Server thread/INFO]: AimecitaPrOMG has made the advancement [Eye Spy]
[04:12:07] [Server thread/INFO]: XJeampier has made the advancement [Eye Spy]
[04:12:09] [Server thread/INFO]: XJeampier issued server command: /tpaccept
[04:12:15] [Server thread/INFO]: RZJULIAN has made the advancement [Eye Spy]
[04:17:32] [Server thread/INFO]: XJeampier issued server command: /tpa Johaanw
[04:17:34] [Server thread/INFO]: Johaanw issued server command: /tpaccept
[04:19:42] [Server thread/INFO]: XJeampier issued server command: /back
[04:20:07] [Server thread/INFO]: AimecitaPrOMG issued server command: /tell RZJULIAN ola
[04:20:19] [Async Chat Thread - #6/INFO]: [Not Secure] <RZJULIAN> 1945 -27 -199
[04:20:23] [Server thread/INFO]: AimecitaPrOMG issued server command: /tell RZJULIAN teamo
[04:21:13] [Server thread/INFO]: Johaanw issued server command: /back
[04:24:29] [Server thread/INFO]: AimecitaPrOMG issued server command: /tpa RZJULIAN
[04:24:32] [Server thread/INFO]: RZJULIAN issued server command: /tpaccept
[04:27:48] [Server thread/INFO]: Johaanw issued server command: /tpa XJeampier
[04:27:54] [Server thread/INFO]: XJeampier issued server command: /tpaccept
[04:27:59] [Server thread/INFO]: AimecitaPrOMG issued server command: /tpa RZJULIAN
[04:28:00] [Server thread/INFO]: RZJULIAN has made the advancement [Minecraft: Trial(s) Edition]
[04:28:13] [Server thread/INFO]: AimecitaPrOMG issued server command: /tpa RZJULIAN
[04:28:27] [Server thread/INFO]: RZJULIAN issued server command: /tpaccept
[04:28:32] [Server thread/INFO]: AimecitaPrOMG has made the advancement [Minecraft: Trial(s) Edition]
[04:34:09] [Server thread/INFO]: RZJULIAN has made the advancement [Take Aim]
[04:35:01] [Server thread/INFO]: AimecitaPrOMG was slain by Zombie
[04:35:38] [Server thread/INFO]: AimecitaPrOMG issued server command: /tpa RZJULIAN
[04:35:42] [Server thread/INFO]: RZJULIAN issued server command: /tpaccept
[04:36:27] [Server thread/INFO]: Johaanw issued server command: /tp -361 102 -290
[04:36:27] [Server thread/INFO]: [Johaanw: Teleported Johaanw to -360.500000, 102.000000, -289.500000]
[04:41:26] [Async Chat Thread - #7/INFO]: [Not Secure] <AimecitaPrOMG> wa
[04:41:29] [Async Chat Thread - #7/INFO]: [Not Secure] <AimecitaPrOMG> Zzzzz
[04:41:43] [Server thread/INFO]: RZJULIAN has made the advancement [Cover Me with Diamonds]
[04:42:26] [Async Chat Thread - #7/INFO]: [Not Secure] <AimecitaPrOMG> RZJULIAN
[04:42:30] [Async Chat Thread - #8/INFO]: [Not Secure] <AimecitaPrOMG> OÑO
[04:42:40] [Server thread/INFO]: AimecitaPrOMG issued server command: /tell RZJULIAN ola
[04:42:46] [Server thread/INFO]: XJeampier lost connection: Disconnected
[04:42:46] [Server thread/INFO]: XJeampier left the game
[04:42:56] [Async Chat Thread - #7/INFO]: [Not Secure] <AimecitaPrOMG> WA
[04:42:57] [Async Chat Thread - #7/INFO]: [Not Secure] <AimecitaPrOMG> W
[04:43:00] [Async Chat Thread - #7/INFO]: [Not Secure] <AimecitaPrOMG> A
[04:43:12] [User Authenticator #5/INFO]: UUID of player XJeampier is 076b2a99-8909-3132-af0c-67e9e041ac5e
[04:43:12] [Server thread/INFO]: RZJULIAN has made the advancement [Under Lock and Key]
[04:43:13] [Server thread/INFO]: XJeampier joined the game
[04:43:13] [Server thread/INFO]: XJeampier[/127.32.136.207:48775] logged in with entity id 35376 at ([world]-309.86442224760407, 66.0, -3560.699999988079)
[04:43:24] [Server thread/INFO]: AimecitaPrOMG has made the advancement [Under Lock and Key]
[04:44:32] [Async Chat Thread - #9/INFO]: [Not Secure] <Johaanw> ci
[04:44:41] [Async Chat Thread - #9/INFO]: [Not Secure] <Johaanw> no c :v
[04:46:34] [Server thread/INFO]: Johaanw lost connection: Disconnected
[04:46:34] [Server thread/INFO]: Johaanw left the game
[04:49:11] [Server thread/INFO]: XJeampier lost connection: Disconnected
[04:49:11] [Server thread/INFO]: XJeampier left the game
[04:50:09] [Server thread/INFO]: AimecitaPrOMG issued server command: /tpa RZJULIAN
[04:50:16] [Server thread/INFO]: RZJULIAN issued server command: /tpaccept
[04:51:55] [Server thread/INFO]: AimecitaPrOMG was shot by Bogged
[04:52:18] [Server thread/INFO]: AimecitaPrOMG issued server command: /back
[04:52:27] [Server thread/INFO]: AimecitaPrOMG issued server command: /tpa RZJULIAN
[04:52:31] [Server thread/INFO]: RZJULIAN issued server command: /tpaccept
[04:56:48] [Server thread/INFO]: RZJULIAN lost connection: Disconnected
[04:56:48] [Server thread/INFO]: RZJULIAN left the game
[04:56:50] [Server thread/INFO]: AimecitaPrOMG lost connection: Disconnected
[04:56:50] [Server thread/INFO]: AimecitaPrOMG left the game
[04:57:50] [Server thread/INFO]: Server empty for 60 seconds, pausing
[04:57:59] [Server thread/INFO]: Stopping the server
[04:57:59] [Server thread/INFO]: Stopping server
[04:57:59] [Server thread/INFO]: [SkinsRestorer] Disabling SkinsRestorer v15.7.8
[04:57:59] [Server thread/INFO]: [SimpleTpa] Disabling SimpleTpa v7.8
[04:57:59] [Server thread/INFO]: [SimpleTpa] If you need support contact me at https://discord.gg/SZUkza9
[04:57:59] [Server thread/INFO]: [SimpleTpa] Simple Tpa has been disabled on version 7.8
[04:57:59] [Server thread/INFO]: Saving players
[04:57:59] [Server thread/INFO]: Saving worlds
[04:57:59] [Server thread/INFO]: Saving chunks for level 'ServerLevel[world]'/minecraft:overworld
[04:57:59] [Server thread/INFO]: [ChunkHolderManager] Waiting 60s for chunk system to halt for world 'world'
[04:57:59] [Server thread/INFO]: [ChunkHolderManager] Halted chunk system for world 'world'
[04:57:59] [Server thread/INFO]: [ChunkHolderManager] Saving all chunkholders for world 'world'
[04:57:59] [Server thread/INFO]: [ChunkHolderManager] Saved 0 block chunks, 65 entity chunks, 0 poi chunks in world 'world' in 0.02s
[04:57:59] [Server thread/INFO]: [ChunkHolderManager] Waiting 60s for chunk I/O to halt for world 'world'
[04:57:59] [Server thread/INFO]: [ChunkHolderManager] Halted I/O scheduler for world 'world'
[04:57:59] [Server thread/INFO]: Saving chunks for level 'ServerLevel[world_nether]'/minecraft:the_nether
[04:57:59] [Server thread/INFO]: [ChunkHolderManager] Waiting 60s for chunk system to halt for world 'world_nether'
[04:57:59] [Server thread/INFO]: [ChunkHolderManager] Halted chunk system for world 'world_nether'
[04:57:59] [Server thread/INFO]: [ChunkHolderManager] Saving all chunkholders for world 'world_nether'
[04:57:59] [Server thread/INFO]: [ChunkHolderManager] Saved 0 block chunks, 2 entity chunks, 0 poi chunks in world 'world_nether' in 0.01s
[04:57:59] [Server thread/INFO]: [ChunkHolderManager] Waiting 60s for chunk I/O to halt for world 'world_nether'
[04:57:59] [Server thread/INFO]: [ChunkHolderManager] Halted I/O scheduler for world 'world_nether'
[04:57:59] [Server thread/INFO]: Saving chunks for level 'ServerLevel[world_the_end]'/minecraft:the_end
[04:57:59] [Server thread/INFO]: [ChunkHolderManager] Waiting 60s for chunk system to halt for world 'world_the_end'
[04:57:59] [Server thread/INFO]: [ChunkHolderManager] Halted chunk system for world 'world_the_end'
[04:57:59] [Server thread/INFO]: [ChunkHolderManager] Saving all chunkholders for world 'world_the_end'
[04:57:59] [Server thread/INFO]: [ChunkHolderManager] Saved 0 block chunks, 4 entity chunks, 0 poi chunks in world 'world_the_end' in 0.00s
[04:57:59] [Server thread/INFO]: [ChunkHolderManager] Waiting 60s for chunk I/O to halt for world 'world_the_end'
[04:57:59] [Server thread/INFO]: [ChunkHolderManager] Halted I/O scheduler for world 'world_the_end'
[04:57:59] [Server thread/INFO]: ThreadedAnvilChunkStorage (world): All chunks are saved
[04:57:59] [Server thread/INFO]: ThreadedAnvilChunkStorage (DIM-1): All chunks are saved
[04:57:59] [Server thread/INFO]: ThreadedAnvilChunkStorage (DIM1): All chunks are saved
[04:57:59] [Server thread/INFO]: ThreadedAnvilChunkStorage: All dimensions are saved
[04:57:59] [Server thread/INFO]: Waiting for all RegionFile I/O tasks to complete...
[04:57:59] [Server thread/INFO]: All RegionFile I/O tasks to complete
[04:57:59] [Server thread/INFO]: [MoonriseCommon] Awaiting termination of worker pool for up to 60s...
[04:57:59] [Server thread/INFO]: [MoonriseCommon] Awaiting termination of I/O pool for up to 60s...
